<?xml version="1.0" encoding="UTF-8"?>
<!-- Generated by org.testng.reporters.JUnitXMLReporter -->
<testsuite ignored="1" hostname="Thien-Acer" failures="0" tests="2" name="Default test" time="6.333" errors="0" timestamp="2021-10-29T18:05:56 ICT">
  <testcase classname="TestNG.ForgetPassword" name="FP_01" time="1.064"/>
  <testcase classname="TestNG.ForgetPassword" name="FP_02" time="1.0"/>
  <testcase classname="TestNG.ForgetPassword" name="FP_03" time="0.0">
    <ignored/>
  </testcase> <!-- FP_03 -->
</testsuite> <!-- Default test -->
