<?xml version="1.0" encoding="UTF-8"?>
<testng-results ignored="1" total="3" passed="2" failed="0" skipped="0">
  <reporter-output>
  </reporter-output>
  <suite started-at="2021-10-29T18:05:49 ICT" name="Default suite" finished-at="2021-10-29T18:05:56 ICT" duration-ms="6333">
    <groups>
    </groups>
    <test started-at="2021-10-29T18:05:49 ICT" name="Default test" finished-at="2021-10-29T18:05:56 ICT" duration-ms="6333">
      <class name="TestNG.ForgetPassword">
        <test-method is-config="true" signature="before()[pri:0, instance:TestNG.ForgetPassword@1534f01b]" started-at="2021-10-29T18:05:49 ICT" name="before" finished-at="2021-10-29T18:05:54 ICT" duration-ms="4234" status="PASS">
          <reporter-output>
          </reporter-output>
        </test-method> <!-- before -->
        <test-method signature="FP_01()[pri:8, instance:TestNG.ForgetPassword@1534f01b]" started-at="2021-10-29T18:05:54 ICT" name="FP_01" finished-at="2021-10-29T18:05:55 ICT" duration-ms="1064" status="PASS">
          <reporter-output>
          </reporter-output>
        </test-method> <!-- FP_01 -->
        <test-method signature="FP_02()[pri:9, instance:TestNG.ForgetPassword@1534f01b]" started-at="2021-10-29T18:05:55 ICT" name="FP_02" finished-at="2021-10-29T18:05:56 ICT" duration-ms="1000" status="PASS">
          <reporter-output>
          </reporter-output>
        </test-method> <!-- FP_02 -->
        <test-method is-config="true" signature="afterTest()[pri:0, instance:TestNG.ForgetPassword@1534f01b]" started-at="2021-10-29T18:05:56 ICT" name="afterTest" finished-at="2021-10-29T18:05:56 ICT" duration-ms="0" status="PASS">
          <reporter-output>
          </reporter-output>
        </test-method> <!-- afterTest -->
      </class> <!-- TestNG.ForgetPassword -->
    </test> <!-- Default test -->
  </suite> <!-- Default suite -->
</testng-results>
