<?xml version="1.0" encoding="UTF-8"?>
<!-- Generated by org.testng.reporters.JUnitXMLReporter -->
<testsuite ignored="2" hostname="Thien-Acer" failures="2" tests="2" name="Test" time="14.34" errors="0" timestamp="2021-10-30T08:19:42 ICT">
  <testcase classname="TestNG.ForgetPassword" name="check_run" time="0.088">
    <failure type="java.lang.NoClassDefFoundError" message="org/slf4j/Logger">
      <![CDATA[java.lang.NoClassDefFoundError: org/slf4j/Logger
at org.apache.logging.slf4j.SLF4JLoggerContext.getLogger(SLF4JLoggerContext.java:39)
at org.apache.log4j.Category.<init>(Category.java:82)
at org.apache.log4j.Logger.<init>(Logger.java:33)
at org.apache.log4j.Category$PrivateAdapter.newLogger(Category.java:523)
at org.apache.log4j.Category.getInstance(Category.java:124)
at org.apache.log4j.Category.getInstance(Category.java:104)
at org.apache.log4j.Category.getInstance(Category.java:134)
at org.apache.log4j.Logger.getLogger(Logger.java:41)
at TestNG.ExcelUtils.<clinit>(ExcelUtils.java:29)
at TestNG.ForgetPassword.check_run(ForgetPassword.java:20)
at java.base/java.util.ArrayList.forEach(ArrayList.java:1511)
Caused by: java.lang.ClassNotFoundException: org.slf4j.Logger
at java.base/jdk.internal.loader.BuiltinClassLoader.loadClass(BuiltinClassLoader.java:636)
at java.base/jdk.internal.loader.ClassLoaders$AppClassLoader.loadClass(ClassLoaders.java:182)
at java.base/java.lang.ClassLoader.loadClass(ClassLoader.java:519)
... 38 more
... Removed 27 stack frames]]>
    </failure>
  </testcase> <!-- check_run -->
  <testcase classname="TestNG.ForgetPassword" name="FP_01" time="5.676">
    <failure type="org.openqa.selenium.NoSuchElementException" message="no such element: Unable to locate element: {&amp;quot;method&amp;quot;:&amp;quot;xpath&amp;quot;,&amp;quot;selector&amp;quot;:&amp;quot;//div[@class=&amp;quot;form-erros&amp;quot;]/p/strong&amp;quot;}
  (Session info: chrome=95.0.4638.54)
For documentation on this error, please visit: https://www.seleniumhq.org/exceptions/no_such_element.html
Build info: version: &amp;apos;3.141.59&amp;apos;, revision: &amp;apos;e82be7d358&amp;apos;, time: &amp;apos;2018-11-14T08:25:53&amp;apos;
System info: host: &amp;apos;THIEN-ACER&amp;apos;, ip: &amp;apos;192.168.1.223&amp;apos;, os.name: &amp;apos;Windows 10&amp;apos;, os.arch: &amp;apos;amd64&amp;apos;, os.version: &amp;apos;10.0&amp;apos;, java.version: &amp;apos;16.0.2&amp;apos;
Driver info: org.openqa.selenium.chrome.ChromeDriver
Capabilities {acceptInsecureCerts: false, browserName: chrome, browserVersion: 95.0.4638.54, chrome: {chromedriverVersion: 95.0.4638.17 (a9d0719444d4b..., userDataDir: C:\Users\ChiThien\AppData\L...}, goog:chromeOptions: {debuggerAddress: localhost:49923}, javascriptEnabled: true, networkConnectionEnabled: false, pageLoadStrategy: normal, platform: WINDOWS, platformName: WINDOWS, proxy: Proxy(), setWindowRect: true, strictFileInteractability: false, timeouts: {implicit: 0, pageLoad: 300000, script: 30000}, unhandledPromptBehavior: dismiss and notify, webauthn:extension:credBlob: true, webauthn:extension:largeBlob: true, webauthn:virtualAuthenticators: true}
Session ID: c802fa85817523b45a14edd2d0ab4633
*** Element info: {Using=xpath, value=//div[@class=&amp;quot;form-erros&amp;quot;]/p/strong}">
      <![CDATA[org.openqa.selenium.NoSuchElementException: no such element: Unable to locate element: {"method":"xpath","selector":"//div[@class="form-erros"]/p/strong"}
  (Session info: chrome=95.0.4638.54)
For documentation on this error, please visit: https://www.seleniumhq.org/exceptions/no_such_element.html
Build info: version: '3.141.59', revision: 'e82be7d358', time: '2018-11-14T08:25:53'
System info: host: 'THIEN-ACER', ip: '192.168.1.223', os.name: 'Windows 10', os.arch: 'amd64', os.version: '10.0', java.version: '16.0.2'
Driver info: org.openqa.selenium.chrome.ChromeDriver
Capabilities {acceptInsecureCerts: false, browserName: chrome, browserVersion: 95.0.4638.54, chrome: {chromedriverVersion: 95.0.4638.17 (a9d0719444d4b..., userDataDir: C:\Users\ChiThien\AppData\L...}, goog:chromeOptions: {debuggerAddress: localhost:49923}, javascriptEnabled: true, networkConnectionEnabled: false, pageLoadStrategy: normal, platform: WINDOWS, platformName: WINDOWS, proxy: Proxy(), setWindowRect: true, strictFileInteractability: false, timeouts: {implicit: 0, pageLoad: 300000, script: 30000}, unhandledPromptBehavior: dismiss and notify, webauthn:extension:credBlob: true, webauthn:extension:largeBlob: true, webauthn:virtualAuthenticators: true}
Session ID: c802fa85817523b45a14edd2d0ab4633
*** Element info: {Using=xpath, value=//div[@class="form-erros"]/p/strong}
at org.openqa.selenium.remote.http.W3CHttpResponseCodec.createException(W3CHttpResponseCodec.java:187)
at org.openqa.selenium.remote.http.W3CHttpResponseCodec.decode(W3CHttpResponseCodec.java:122)
at org.openqa.selenium.remote.http.W3CHttpResponseCodec.decode(W3CHttpResponseCodec.java:49)
at org.openqa.selenium.remote.HttpCommandExecutor.execute(HttpCommandExecutor.java:158)
at org.openqa.selenium.remote.service.DriverCommandExecutor.execute(DriverCommandExecutor.java:83)
at org.openqa.selenium.remote.RemoteWebDriver.execute(RemoteWebDriver.java:552)
at org.openqa.selenium.remote.RemoteWebDriver.findElement(RemoteWebDriver.java:323)
at org.openqa.selenium.remote.RemoteWebDriver.findElementByXPath(RemoteWebDriver.java:428)
at org.openqa.selenium.By$ByXPath.findElement(By.java:353)
at org.openqa.selenium.remote.RemoteWebDriver.findElement(RemoteWebDriver.java:315)
at TestNG.ForgetPassword.FP_01(ForgetPassword.java:28)
at java.base/java.util.ArrayList.forEach(ArrayList.java:1511)
... Removed 32 stack frames]]>
    </failure>
  </testcase> <!-- FP_01 -->
  <testcase classname="TestNG.ForgetPassword" name="FP_03" time="0.0">
    <ignored/>
  </testcase> <!-- FP_03 -->
  <testcase classname="TestNG.ForgetPassword" name="FP_02" time="0.0">
    <ignored/>
  </testcase> <!-- FP_02 -->
</testsuite> <!-- Test -->
